2024-08-17T13:30:27.040-03:00  INFO 16977 --- [calculatorWeb] [restartedMain] b.d.f.c.CalculatorWebApplication         : Starting CalculatorWebApplication using Java 21.0.4 with PID 16977 (/home/rferreira/dev/calculatorWeb/build/classes/java/main started by rferreira in /home/rferreira/dev/calculatorWeb)
2024-08-17T13:30:27.059-03:00  INFO 16977 --- [calculatorWeb] [restartedMain] b.d.f.c.CalculatorWebApplication         : The following 1 profile is active: "dev"
2024-08-17T13:30:27.226-03:00  INFO 16977 --- [calculatorWeb] [restartedMain] .e.DevToolsPropertyDefaultsPostProcessor : Devtools property defaults active! Set 'spring.devtools.add-properties' to 'false' to disable
2024-08-17T13:30:29.742-03:00  INFO 16977 --- [calculatorWeb] [restartedMain] .s.d.r.c.RepositoryConfigurationDelegate : Bootstrapping Spring Data JPA repositories in DEFAULT mode.
2024-08-17T13:30:29.773-03:00  INFO 16977 --- [calculatorWeb] [restartedMain] .s.d.r.c.RepositoryConfigurationDelegate : Finished Spring Data repository scanning in 17 ms. Found 0 JPA repository interfaces.
2024-08-17T13:30:31.237-03:00  INFO 16977 --- [calculatorWeb] [restartedMain] o.s.b.w.e.t.TomcatWebServer              : Tomcat initialized with port 8095 (http)
2024-08-17T13:30:31.273-03:00  INFO 16977 --- [calculatorWeb] [restartedMain] o.a.c.c.StandardService                  : Starting service [Tomcat]
2024-08-17T13:30:31.274-03:00  INFO 16977 --- [calculatorWeb] [restartedMain] o.a.c.c.StandardEngine                   : Starting Servlet engine: [Apache Tomcat/10.1.26]
2024-08-17T13:30:31.368-03:00  INFO 16977 --- [calculatorWeb] [restartedMain] o.a.c.c.C.[.[.[/]                        : Initializing Spring embedded WebApplicationContext
2024-08-17T13:30:31.378-03:00  INFO 16977 --- [calculatorWeb] [restartedMain] w.s.c.ServletWebServerApplicationContext : Root WebApplicationContext: initialization completed in 4141 ms
2024-08-17T13:30:32.092-03:00  WARN 16977 --- [calculatorWeb] [restartedMain] ConfigServletWebServerApplicationContext : Exception encountered during context initialization - cancelling refresh attempt: org.springframework.beans.factory.BeanCreationException: Error creating bean with name 'entityManagerFactory' defined in class path resource [org/springframework/boot/autoconfigure/orm/jpa/HibernateJpaConfiguration.class]: Failed to initialize dependency 'flyway' of LoadTimeWeaverAware bean 'entityManagerFactory': Error creating bean with name 'flyway' defined in class path resource [org/springframework/boot/autoconfigure/flyway/FlywayAutoConfiguration$FlywayConfiguration.class]: Failed to instantiate [org.flywaydb.core.Flyway]: Factory method 'flyway' threw exception with message: Error creating bean with name 'dataSource' defined in class path resource [org/springframework/boot/autoconfigure/jdbc/DataSourceConfiguration$Hikari.class]: Failed to instantiate [com.zaxxer.hikari.HikariDataSource]: Factory method 'dataSource' threw exception with message: Failed to determine a suitable driver class
2024-08-17T13:30:32.101-03:00  INFO 16977 --- [calculatorWeb] [restartedMain] o.a.c.c.StandardService                  : Stopping service [Tomcat]
2024-08-17T13:30:32.199-03:00  INFO 16977 --- [calculatorWeb] [restartedMain] .s.b.a.l.ConditionEvaluationReportLogger : 

Error starting ApplicationContext. To display the condition evaluation report re-run your application with 'debug' enabled.
2024-08-17T13:30:32.271-03:00 ERROR 16977 --- [calculatorWeb] [restartedMain] o.s.b.d.LoggingFailureAnalysisReporter   : 

***************************
APPLICATION FAILED TO START
***************************

Description:

Failed to configure a DataSource: 'url' attribute is not specified and no embedded datasource could be configured.

Reason: Failed to determine a suitable driver class


Action:

Consider the following:
	If you want an embedded database (H2, HSQL or Derby), please put it on the classpath.
	If you have database settings to be loaded from a particular profile you may need to activate it (the profiles dev are currently active).

