2024-08-26 14:39:55,112 INFO o.h.v.i.u.Version [background-preinit] HV000001: Hibernate Validator 8.0.1.Final
2024-08-26 14:39:55,222 INFO o.s.b.StartupInfoLogger [restartedMain] Starting CalculatorWebApplication using Java 21.0.4 with PID 618540 (/home/rferreira/dev/calculatorWeb/build/classes/java/main started by rferreira in /home/rferreira/dev/calculatorWeb)
2024-08-26 14:39:55,229 DEBUG o.s.b.StartupInfoLogger [restartedMain] Running with Spring Boot v3.3.2, Spring v6.1.11
2024-08-26 14:39:55,232 INFO o.s.b.SpringApplication [restartedMain] The following 1 profile is active: "dev"
2024-08-26 14:39:55,323 INFO o.s.b.l.DeferredLog [restartedMain] Devtools property defaults active! Set 'spring.devtools.add-properties' to 'false' to disable
2024-08-26 14:39:58,624 INFO o.s.d.r.c.RepositoryConfigurationDelegate [restartedMain] Bootstrapping Spring Data JPA repositories in DEFAULT mode.
2024-08-26 14:39:58,905 INFO o.s.d.r.c.RepositoryConfigurationDelegate [restartedMain] Finished Spring Data repository scanning in 263 ms. Found 4 JPA repository interfaces.
2024-08-26 14:40:00,678 INFO o.s.b.w.e.t.TomcatWebServer [restartedMain] Tomcat initialized with port 8095 (http)
2024-08-26 14:40:00,698 INFO o.a.j.l.DirectJDKLog [restartedMain] Initializing ProtocolHandler ["http-nio-8095"]
2024-08-26 14:40:00,703 INFO o.a.j.l.DirectJDKLog [restartedMain] Starting service [Tomcat]
2024-08-26 14:40:00,704 INFO o.a.j.l.DirectJDKLog [restartedMain] Starting Servlet engine: [Apache Tomcat/10.1.26]
2024-08-26 14:40:00,777 INFO o.a.j.l.DirectJDKLog [restartedMain] Initializing Spring embedded WebApplicationContext
2024-08-26 14:40:00,781 INFO o.s.b.w.s.c.ServletWebServerApplicationContext [restartedMain] Root WebApplicationContext: initialization completed in 5450 ms
2024-08-26 14:40:01,241 DEBUG o.s.b.w.s.ServletContextInitializerBeans [restartedMain] Mapping filters: webMvcObservationFilter urls=[/*] order=-2147483647, springSecurityFilterChain urls=[/*] order=-100, characterEncodingFilter urls=[/*] order=-2147483648, formContentFilter urls=[/*] order=-9900, requestContextFilter urls=[/*] order=-105
2024-08-26 14:40:01,242 DEBUG o.s.b.w.s.ServletContextInitializerBeans [restartedMain] Mapping servlets: dispatcherServlet urls=[/]
2024-08-26 14:40:01,295 DEBUG o.s.w.f.GenericFilterBean [restartedMain] Filter 'webMvcObservationFilter' configured for use
2024-08-26 14:40:01,772 INFO c.z.h.HikariDataSource [restartedMain] HikariPool-1 - Starting...
2024-08-26 14:40:02,400 INFO c.z.h.p.HikariPool [restartedMain] HikariPool-1 - Added connection com.mysql.cj.jdbc.ConnectionImpl@6fc623c0
2024-08-26 14:40:02,405 INFO c.z.h.HikariDataSource [restartedMain] HikariPool-1 - Start completed.
2024-08-26 14:40:02,605 INFO o.f.c.i.l.s.Slf4jLog [restartedMain] Database: jdbc:mysql://127.0.0.1:3306/calculator (MySQL 8.0)
2024-08-26 14:40:02,859 INFO o.f.c.i.l.s.Slf4jLog [restartedMain] Successfully validated 2 migrations (execution time 00:00.109s)
2024-08-26 14:40:02,909 INFO o.f.c.i.l.s.Slf4jLog [restartedMain] Current version of schema `calculator`: 1.1
2024-08-26 14:40:02,918 INFO o.f.c.i.l.s.Slf4jLog [restartedMain] Schema `calculator` is up to date. No migration necessary.
2024-08-26 14:40:03,208 INFO o.h.j.i.u.LogHelper [restartedMain] HHH000204: Processing PersistenceUnitInfo [name: default]
2024-08-26 14:40:03,327 INFO o.h.Version [restartedMain] HHH000412: Hibernate ORM core version 6.5.2.Final
2024-08-26 14:40:03,386 INFO o.h.c.i.RegionFactoryInitiator [restartedMain] HHH000026: Second-level cache disabled
2024-08-26 14:40:03,985 INFO o.s.o.j.p.SpringPersistenceUnitInfo [restartedMain] No LoadTimeWeaver setup: ignoring JPA class transformer
2024-08-26 14:40:05,861 INFO o.h.e.t.j.p.i.JtaPlatformInitiator [restartedMain] HHH000489: No JTA platform available (set 'hibernate.transaction.jta.platform' to enable JTA platform integration)
2024-08-26 14:40:06,047 INFO o.s.o.j.AbstractEntityManagerFactoryBean [restartedMain] Initialized JPA EntityManagerFactory for persistence unit 'default'
2024-08-26 14:40:06,756 INFO o.s.d.j.r.q.QueryEnhancerFactory [restartedMain] Hibernate is in classpath; If applicable, HQL parser will be used.
2024-08-26 14:40:07,996 WARN o.s.b.a.o.j.JpaBaseConfiguration$JpaWebConfiguration [restartedMain] spring.jpa.open-in-view is enabled by default. Therefore, database queries may be performed during view rendering. Explicitly configure spring.jpa.open-in-view to disable this warning
2024-08-26 14:40:08,370 DEBUG o.s.w.s.h.AbstractHandlerMethodMapping [restartedMain] 15 mappings in 'requestMappingHandlerMapping'
2024-08-26 14:40:08,657 DEBUG o.s.w.s.h.SimpleUrlHandlerMapping [restartedMain] Patterns [/webjars/**, /**, /swagger-ui*/*swagger-initializer.js, /swagger-ui*/**] in 'resourceHandlerMapping'
2024-08-26 14:40:08,933 INFO o.s.b.a.e.w.EndpointLinksResolver [restartedMain] Exposing 1 endpoint beneath base path '/actuator'
2024-08-26 14:40:09,446 DEBUG o.s.w.s.m.m.a.RequestMappingHandlerAdapter [restartedMain] ControllerAdvice beans: 0 @ModelAttribute, 0 @InitBinder, 1 RequestBodyAdvice, 1 ResponseBodyAdvice
2024-08-26 14:40:09,518 DEBUG o.s.w.s.m.m.a.ExceptionHandlerExceptionResolver [restartedMain] ControllerAdvice beans: 1 @ExceptionHandler, 1 ResponseBodyAdvice
2024-08-26 14:40:10,625 INFO o.s.b.d.a.OptionalLiveReloadServer [restartedMain] LiveReload server is running on port 35729
2024-08-26 14:40:10,842 INFO o.a.j.l.DirectJDKLog [restartedMain] Starting ProtocolHandler ["http-nio-8095"]
2024-08-26 14:40:10,890 INFO o.s.b.w.e.t.TomcatWebServer [restartedMain] Tomcat started on port 8095 (http) with context path '/'
2024-08-26 14:40:11,005 INFO o.s.b.StartupInfoLogger [restartedMain] Started CalculatorWebApplication in 16.672 seconds (process running for 18.266)
2024-08-26 14:40:11,189 INFO b.d.f.c.c.AdminUserConfiguration [restartedMain] RoleAdmin:-> br.dev.ferreiras.calculatorWeb.entity.Role@5bd3b272
2024-08-26 14:40:11,274 INFO b.d.f.c.c.AdminUserConfiguration [restartedMain] UserAdmin:-> Optional[br.dev.ferreiras.calculatorWeb.entity.User@74493d55]
2024-08-26 14:40:11,279 INFO b.d.f.c.c.AdminUserConfiguration [restartedMain] Administrator already exists!
2024-08-26 14:40:11,301 INFO b.d.f.c.CalculatorWebApplication [restartedMain] Calculator Web started running at 2024-08-26T14:40:11.301461886, zone America/Sao_Paulo, running java version 21.0.4
2024-08-26 14:40:18,856 INFO o.a.j.l.DirectJDKLog [http-nio-8095-exec-1] Initializing Spring DispatcherServlet 'dispatcherServlet'
2024-08-26 14:40:18,858 INFO o.s.w.s.FrameworkServlet [http-nio-8095-exec-1] Initializing Servlet 'dispatcherServlet'
2024-08-26 14:40:18,860 DEBUG o.s.w.s.DispatcherServlet [http-nio-8095-exec-1] Detected StandardServletMultipartResolver
2024-08-26 14:40:18,861 DEBUG o.s.w.s.DispatcherServlet [http-nio-8095-exec-1] Detected AcceptHeaderLocaleResolver
2024-08-26 14:40:18,861 DEBUG o.s.w.s.DispatcherServlet [http-nio-8095-exec-1] Detected FixedThemeResolver
2024-08-26 14:40:18,865 DEBUG o.s.w.s.DispatcherServlet [http-nio-8095-exec-1] Detected org.springframework.web.servlet.view.DefaultRequestToViewNameTranslator@1cfac49b
2024-08-26 14:40:18,867 DEBUG o.s.w.s.DispatcherServlet [http-nio-8095-exec-1] Detected org.springframework.web.servlet.support.SessionFlashMapManager@a7c1aca
2024-08-26 14:40:18,868 DEBUG o.s.w.s.FrameworkServlet [http-nio-8095-exec-1] enableLoggingRequestDetails='false': request parameters and headers will be masked to prevent unsafe logging of potentially sensitive data
2024-08-26 14:40:18,869 INFO o.s.w.s.FrameworkServlet [http-nio-8095-exec-1] Completed initialization in 9 ms
2024-08-26 14:40:19,006 DEBUG o.s.c.l.LogFormatUtils [http-nio-8095-exec-1] POST "/login", parameters={}
2024-08-26 14:40:19,012 DEBUG o.s.w.s.h.AbstractHandlerMapping [http-nio-8095-exec-1] Mapped to br.dev.ferreiras.calculatorWeb.controller.TokenController#login(LoginRequestDto)
2024-08-26 14:40:19,098 DEBUG o.s.c.l.LogFormatUtils [http-nio-8095-exec-1] Read "application/json;charset=UTF-8" to [LoginRequestDto[username=admin@calculatorweb.com, password=$2a$10$Hkymvj8RgcLaVlg1uVqm6u19QL3lne9RNj (truncated)...]
2024-08-26 14:40:19,349 INFO b.d.f.c.c.TokenController [http-nio-8095-exec-1] ROLE_ADMIN 
2024-08-26 14:40:19,530 DEBUG o.s.w.s.m.m.a.AbstractMessageConverterMethodProcessor [http-nio-8095-exec-1] Using 'application/json', given [application/json, text/plain, */*] and supported [application/json]
2024-08-26 14:40:19,536 DEBUG o.s.c.l.LogFormatUtils [http-nio-8095-exec-1] Writing [LoginResponseDto[accessToken=eyJhbGciOiJSUzI1NiJ9.eyJpc3MiOiJjYWxjdWxhdG9yV2ViQmFja2VuZCIsInN1YiI6Ij (truncated)...]
2024-08-26 14:40:19,557 DEBUG o.s.w.s.FrameworkServlet [http-nio-8095-exec-1] Completed 200 OK
2024-08-26 14:40:23,635 DEBUG o.s.c.l.LogFormatUtils [http-nio-8095-exec-2] GET "/users", parameters={}
2024-08-26 14:40:23,638 DEBUG o.s.w.s.h.AbstractHandlerMapping [http-nio-8095-exec-2] Mapped to br.dev.ferreiras.calculatorWeb.controller.UserController#listUsers()
2024-08-26 14:40:23,728 DEBUG o.s.w.s.m.m.a.AbstractMessageConverterMethodProcessor [http-nio-8095-exec-2] Using 'application/json', given [application/json, text/plain, */*] and supported [application/json, application/*+json]
2024-08-26 14:40:23,729 DEBUG o.s.c.l.LogFormatUtils [http-nio-8095-exec-2] Writing [[br.dev.ferreiras.calculatorWeb.entity.User@2f9d2475, br.dev.ferreiras.calculatorWeb.entity.User@7f2 (truncated)...]
2024-08-26 14:40:23,794 DEBUG o.s.w.s.FrameworkServlet [http-nio-8095-exec-2] Completed 200 OK
2024-08-26 14:40:37,926 DEBUG o.s.c.l.LogFormatUtils [http-nio-8095-exec-3] POST "/randomize", parameters={}
2024-08-26 14:40:37,928 DEBUG o.s.w.s.h.AbstractHandlerMapping [http-nio-8095-exec-3] Mapped to br.dev.ferreiras.calculatorWeb.controller.OperationsController#getRandomStrings(RequestRandomDto)
2024-08-26 14:40:37,932 DEBUG o.s.c.l.LogFormatUtils [http-nio-8095-exec-3] Read "application/json;charset=UTF-8" to [RequestRandomDto[username=admin@calculatorweb.com, operator=random_string]]
2024-08-26 14:40:37,944 INFO b.d.f.c.s.OperationsService [http-nio-8095-exec-3] Usuario: admin@calculatorweb.com
2024-08-26 14:40:37,956 INFO b.d.f.c.s.OperationsService [http-nio-8095-exec-3] Balance: 107.57
2024-08-26 14:40:37,967 INFO b.d.f.c.s.OperationsService [http-nio-8095-exec-3] Cost: 50.00
2024-08-26 14:40:38,618 DEBUG o.s.c.l.LogFormatUtils [http-nio-8095-exec-3] [445a7494] HTTP POST https://api.random.org/json-rpc/4/invoke
2024-08-26 14:40:39,806 DEBUG o.s.c.l.CompositeLog [reactor-http-epoll-2] [445a7494] Writing "{"params":{"apiKey":"b720e6c8-5bd7-4c80-ab27-60a893668157","n":1,"length":12,"characters":"abcdefghi (truncated)..."
2024-08-26 14:40:40,274 DEBUG o.s.c.l.LogFormatUtils [reactor-http-epoll-2] [445a7494] [879e0a8a-1, L:/192.168.15.11:42688 - R:api.random.org/172.66.43.252:443] Response 200 OK
2024-08-26 14:40:40,309 DEBUG o.s.c.l.CompositeLog [reactor-http-epoll-2] [445a7494] [879e0a8a-1, L:/192.168.15.11:42688 - R:api.random.org/172.66.43.252:443] Decoded "{"jsonrpc":"2.0","result":{"random":{"data":["mlclvmuiyiwe"],"completionTime":"2024-08-26 17:40:40Z" (truncated)..."
2024-08-26 14:40:40,310 INFO b.d.f.c.s.OperationsService [http-nio-8095-exec-3] ApiRandomResponse: {"jsonrpc":"2.0","result":{"random":{"data":["mlclvmuiyiwe"],"completionTime":"2024-08-26 17:40:40Z"},"bitsUsed":56,"bitsLeft":249552,"requestsLeft":992,"advisoryDelay":1190},"id":57}
2024-08-26 14:40:40,319 INFO b.d.f.c.s.OperationsService [http-nio-8095-exec-3] Inside Jackson decoder...
2024-08-26 14:40:40,328 INFO b.d.f.c.s.OperationsService [http-nio-8095-exec-3] JsonNode: "mlclvmuiyiwe"
2024-08-26 14:40:40,332 DEBUG o.s.w.s.m.m.a.AbstractMessageConverterMethodProcessor [http-nio-8095-exec-3] Using 'application/json', given [application/json, text/plain, */*] and supported [application/json, application/*+json]
2024-08-26 14:40:40,335 DEBUG o.s.c.l.LogFormatUtils [http-nio-8095-exec-3] Writing [ResponseRandomDto[random="mlclvmuiyiwe"]]
2024-08-26 14:40:40,341 DEBUG o.s.w.s.FrameworkServlet [http-nio-8095-exec-3] Completed 200 OK
2024-08-26 14:41:19,641 DEBUG o.s.c.l.LogFormatUtils [http-nio-8095-exec-5] GET "/swagger-ui/index.html", parameters={}
2024-08-26 14:41:19,674 DEBUG o.s.w.s.h.AbstractHandlerMapping [http-nio-8095-exec-5] Mapped to ResourceHttpRequestHandler [classpath [META-INF/resources/webjars/]]
2024-08-26 14:41:19,721 DEBUG o.s.w.s.FrameworkServlet [http-nio-8095-exec-5] Completed 304 NOT_MODIFIED
2024-08-26 14:41:20,955 DEBUG o.s.c.l.LogFormatUtils [http-nio-8095-exec-4] GET "/swagger-ui/swagger-ui.css", parameters={}
2024-08-26 14:41:20,957 DEBUG o.s.w.s.h.AbstractHandlerMapping [http-nio-8095-exec-4] Mapped to ResourceHttpRequestHandler [classpath [META-INF/resources/webjars/]]
2024-08-26 14:41:20,977 DEBUG o.s.c.l.LogFormatUtils [http-nio-8095-exec-7] GET "/swagger-ui/swagger-ui-standalone-preset.js", parameters={}
2024-08-26 14:41:20,995 DEBUG o.s.w.s.FrameworkServlet [http-nio-8095-exec-4] Completed 200 OK
2024-08-26 14:41:21,004 DEBUG o.s.c.l.LogFormatUtils [http-nio-8095-exec-8] GET "/swagger-ui/swagger-initializer.js", parameters={}
2024-08-26 14:41:20,972 DEBUG o.s.c.l.LogFormatUtils [http-nio-8095-exec-6] GET "/swagger-ui/swagger-ui-bundle.js", parameters={}
2024-08-26 14:41:21,010 DEBUG o.s.c.l.LogFormatUtils [http-nio-8095-exec-10] GET "/swagger-ui/index.css", parameters={}
2024-08-26 14:41:21,019 DEBUG o.s.w.s.h.AbstractHandlerMapping [http-nio-8095-exec-7] Mapped to ResourceHttpRequestHandler [classpath [META-INF/resources/webjars/]]
2024-08-26 14:41:21,031 DEBUG o.s.w.s.h.AbstractHandlerMapping [http-nio-8095-exec-8] Mapped to ResourceHttpRequestHandler [classpath [META-INF/resources/webjars/]]
2024-08-26 14:41:21,030 DEBUG o.s.w.s.h.AbstractHandlerMapping [http-nio-8095-exec-10] Mapped to ResourceHttpRequestHandler [classpath [META-INF/resources/webjars/]]
2024-08-26 14:41:21,038 DEBUG o.s.w.s.h.AbstractHandlerMapping [http-nio-8095-exec-6] Mapped to ResourceHttpRequestHandler [classpath [META-INF/resources/webjars/]]
2024-08-26 14:41:21,071 DEBUG o.s.w.s.FrameworkServlet [http-nio-8095-exec-10] Completed 304 NOT_MODIFIED
2024-08-26 14:41:21,108 DEBUG o.s.w.s.FrameworkServlet [http-nio-8095-exec-7] Completed 200 OK
2024-08-26 14:41:21,165 DEBUG o.s.w.s.FrameworkServlet [http-nio-8095-exec-6] Completed 200 OK
2024-08-26 14:41:21,192 DEBUG o.s.w.s.FrameworkServlet [http-nio-8095-exec-8] Completed 200 OK
2024-08-26 14:41:24,531 DEBUG o.s.c.l.LogFormatUtils [http-nio-8095-exec-9] GET "/api-docs/swagger-config", parameters={}
2024-08-26 14:41:24,539 DEBUG o.s.w.s.h.AbstractHandlerMapping [http-nio-8095-exec-9] Mapped to org.springdoc.webmvc.ui.SwaggerConfigResource#openapiJson(HttpServletRequest)
2024-08-26 14:41:24,547 DEBUG o.s.w.s.m.m.a.AbstractMessageConverterMethodProcessor [http-nio-8095-exec-9] Using 'application/json', given [*/*] and supported [application/json]
2024-08-26 14:41:24,550 DEBUG o.s.c.l.LogFormatUtils [http-nio-8095-exec-9] Writing [{configUrl=/api-docs/swagger-config, oauth2RedirectUrl=http://127.0.0.1:8095/swagger-ui/oauth2-redir (truncated)...]
2024-08-26 14:41:24,555 DEBUG o.s.w.s.FrameworkServlet [http-nio-8095-exec-9] Completed 200 OK
2024-08-26 14:41:24,581 DEBUG o.s.c.l.LogFormatUtils [http-nio-8095-exec-1] GET "/swagger-ui/favicon-32x32.png", parameters={}
2024-08-26 14:41:24,587 DEBUG o.s.w.s.h.AbstractHandlerMapping [http-nio-8095-exec-1] Mapped to ResourceHttpRequestHandler [classpath [META-INF/resources/webjars/]]
2024-08-26 14:41:24,590 DEBUG o.s.w.s.FrameworkServlet [http-nio-8095-exec-1] Completed 304 NOT_MODIFIED
2024-08-26 14:41:24,796 DEBUG o.s.c.l.LogFormatUtils [http-nio-8095-exec-2] GET "/api-docs", parameters={}
2024-08-26 14:41:24,800 DEBUG o.s.w.s.h.AbstractHandlerMapping [http-nio-8095-exec-2] Mapped to org.springdoc.webmvc.api.OpenApiWebMvcResource#openapiJson(HttpServletRequest, String, Locale)
2024-08-26 14:41:26,121 INFO o.s.a.AbstractOpenApiResource [http-nio-8095-exec-2] Init duration for springdoc-openapi is: 1239 ms
2024-08-26 14:41:26,226 DEBUG o.s.w.s.m.m.a.AbstractMessageConverterMethodProcessor [http-nio-8095-exec-2] Using 'application/json', given [application/json, */*] and supported [application/json]
2024-08-26 14:41:26,233 DEBUG o.s.c.l.LogFormatUtils [http-nio-8095-exec-2] Writing [{123, 34, 111, 112, 101, 110, 97, 112, 105, 34, 58, 34, 51, 46, 48, 46, 49, 34, 44, 34, 105, 110, 10 (truncated)...]
2024-08-26 14:41:26,235 DEBUG o.s.w.s.FrameworkServlet [http-nio-8095-exec-2] Completed 200 OK
